 [2022-07-31 00:43:47,690] TC_01_Element_Display: Click To Register Button
 [2022-07-31 00:43:47,974] TC_01_Element_Display: Verify Email Textbox is Display
 [2022-07-31 00:43:48,261]  -------------------------- PASSED -------------------------- 
 [2022-07-31 00:43:48,264] TC_02_Element_UnDisplay_In_DOM: send Email to Email Textboxthao@hmail.com
 [2022-07-31 00:43:50,335] TC_02_Element_UnDisplay_In_DOM: Verify Confirm Email Textbox is Display
 [2022-07-31 00:43:50,382]  -------------------------- FAILED -------------------------- 
 [2022-07-31 00:43:50,382] TC_02_Element_UnDisplay_In_DOM: send Empty Email to Email Textbox
 [2022-07-31 00:43:52,439] TC_02_Element_UnDisplay_In_DOM: Verify Confirm Email Textbox is UnDisplay
 [2022-07-31 00:43:52,485]  -------------------------- FAILED -------------------------- 
 [2022-07-31 00:43:52,490] TC_03_Element_UnDisplay_Not_In_DOM: Close register popup
 [2022-07-31 00:43:52,731] TC_03_Element_UnDisplay_Not_In_DOM: Verify Confirm Email Textbox is UnDisplay
 [2022-07-31 00:44:06,785]  -------------------------- FAILED -------------------------- 
 [2022-07-31 00:46:10,318] TC_01_Element_Display: Click To Register Button
 [2022-07-31 00:46:10,609] TC_01_Element_Display: Verify Email Textbox is Display
 [2022-07-31 00:46:10,898]  -------------------------- PASSED -------------------------- 
 [2022-07-31 00:46:10,903] TC_02_Element_UnDisplay_In_DOM: send Email to Email Textboxthao@hmail.com
 [2022-07-31 00:46:12,982] TC_02_Element_UnDisplay_In_DOM: Verify Confirm Email Textbox is Display
 [2022-07-31 00:46:13,028]  -------------------------- FAILED -------------------------- 
 [2022-07-31 00:46:13,029] TC_02_Element_UnDisplay_In_DOM: send Empty Email to Email Textbox
 [2022-07-31 00:46:15,078] TC_02_Element_UnDisplay_In_DOM: Verify Confirm Email Textbox is UnDisplay
 [2022-07-31 00:46:15,116]  -------------------------- FAILED -------------------------- 
 [2022-07-31 00:46:15,121] TC_03_Element_UnDisplay_Not_In_DOM: Close register popup
 [2022-07-31 00:46:15,364] TC_03_Element_UnDisplay_Not_In_DOM: Verify Confirm Email Textbox is UnDisplay
 [2022-07-31 00:46:22,388]  -------------------------- FAILED -------------------------- 
 [2022-07-31 00:48:33,807] TC_01_Element_Display: Click To Register Button
 [2022-07-31 00:48:34,102] TC_01_Element_Display: Verify Email Textbox is Display
 [2022-07-31 00:48:34,383]  -------------------------- PASSED -------------------------- 
 [2022-07-31 00:48:34,386] TC_02_Element_UnDisplay_In_DOM: send Email to Email Textbox: thao@hmail.com
 [2022-07-31 00:48:36,475] TC_02_Element_UnDisplay_In_DOM: Verify Confirm Email Textbox is Display
 [2022-07-31 00:48:36,514]  -------------------------- PASSED -------------------------- 
 [2022-07-31 00:48:36,514] TC_02_Element_UnDisplay_In_DOM: send Empty Email to Email Textbox
 [2022-07-31 00:48:38,569] TC_02_Element_UnDisplay_In_DOM: Verify Confirm Email Textbox is UnDisplay
 [2022-07-31 00:48:38,596]  -------------------------- FAILED -------------------------- 
 [2022-07-31 00:48:38,600] TC_03_Element_UnDisplay_Not_In_DOM: Close register popup
 [2022-07-31 00:48:38,839] TC_03_Element_UnDisplay_Not_In_DOM: Verify Confirm Email Textbox is UnDisplay
 [2022-07-31 00:48:45,859]  -------------------------- PASSED -------------------------- 
 [2022-07-31 00:49:12,858] TC_01_Element_Display: Click To Register Button
 [2022-07-31 00:49:12,947] TC_01_Element_Display: Verify Email Textbox is Display
 [2022-07-31 00:49:13,442]  -------------------------- PASSED -------------------------- 
 [2022-07-31 00:49:13,446] TC_02_Element_UnDisplay_In_DOM: send Email to Email Textbox: thao@hmail.com
 [2022-07-31 00:49:15,573] TC_02_Element_UnDisplay_In_DOM: Verify Confirm Email Textbox is Display
 [2022-07-31 00:49:15,621]  -------------------------- PASSED -------------------------- 
 [2022-07-31 00:49:15,621] TC_02_Element_UnDisplay_In_DOM: send Empty Email to Email Textbox
 [2022-07-31 00:49:17,706] TC_02_Element_UnDisplay_In_DOM: Verify Confirm Email Textbox is UnDisplay
 [2022-07-31 00:49:17,730]  -------------------------- FAILED -------------------------- 
 [2022-07-31 00:49:17,732] TC_03_Element_UnDisplay_Not_In_DOM: Close register popup
 [2022-07-31 00:49:17,796] TC_03_Element_UnDisplay_Not_In_DOM: Verify Confirm Email Textbox is UnDisplay
 [2022-07-31 00:49:17,817]  -------------------------- FAILED -------------------------- 
 [2022-07-31 00:51:16,895] TC_01_Element_Display: Click To Register Button
 [2022-07-31 00:51:16,983] TC_01_Element_Display: Verify Email Textbox is Display
 [2022-07-31 00:51:17,499]  -------------------------- PASSED -------------------------- 
 [2022-07-31 00:51:17,502] TC_02_Element_UnDisplay_In_DOM: send Email to Email Textbox: thao@hmail.com
 [2022-07-31 00:51:19,633] TC_02_Element_UnDisplay_In_DOM: Verify Confirm Email Textbox is Display
 [2022-07-31 00:51:19,684]  -------------------------- PASSED -------------------------- 
 [2022-07-31 00:51:19,684] TC_02_Element_UnDisplay_In_DOM: send Empty Email to Email Textbox
 [2022-07-31 00:51:21,770] TC_02_Element_UnDisplay_In_DOM: Verify Confirm Email Textbox is UnDisplay
 [2022-07-31 00:51:21,795]  -------------------------- PASSED -------------------------- 
 [2022-07-31 00:51:21,796] TC_03_Element_UnDisplay_Not_In_DOM: Close register popup
 [2022-07-31 00:51:21,857] TC_03_Element_UnDisplay_Not_In_DOM: Verify Confirm Email Textbox is UnDisplay
 [2022-07-31 00:51:21,882]  -------------------------- PASSED -------------------------- 
 [2022-07-31 00:51:55,773] TC_01_Element_Display: Click To Register Button
 [2022-07-31 00:51:55,860] TC_01_Element_Display: Verify Email Textbox is Display
 [2022-07-31 00:51:56,376]  -------------------------- PASSED -------------------------- 
 [2022-07-31 00:51:56,378] TC_02_Element_UnDisplay_In_DOM: send Email to Email Textbox: thao@hmail.com
 [2022-07-31 00:51:58,506] TC_02_Element_UnDisplay_In_DOM: Verify Confirm Email Textbox is Display
 [2022-07-31 00:51:58,555]  -------------------------- PASSED -------------------------- 
 [2022-07-31 00:51:58,556] TC_02_Element_UnDisplay_In_DOM: send Empty Email to Email Textbox
 [2022-07-31 00:52:00,636] TC_02_Element_UnDisplay_In_DOM: Verify Confirm Email Textbox is UnDisplay
 [2022-07-31 00:52:00,686]  -------------------------- PASSED -------------------------- 
 [2022-07-31 00:52:00,688] TC_03_Element_UnDisplay_Not_In_DOM: Close register popup
 [2022-07-31 00:52:00,759] TC_03_Element_UnDisplay_Not_In_DOM: Verify Confirm Email Textbox is UnDisplay
 [2022-07-31 00:52:00,815]  -------------------------- PASSED -------------------------- 
 [2022-07-31 00:55:19,964] TC_01_Element_Display: Click To Register Button
 [2022-07-31 00:55:20,252] TC_01_Element_Display: Verify Email Textbox is Display
 [2022-07-31 00:55:20,559]  -------------------------- PASSED -------------------------- 
 [2022-07-31 00:55:20,563] TC_02_Element_UnDisplay_In_DOM: send Email to Email Textbox: thao@hmail.com
 [2022-07-31 00:55:22,654] TC_02_Element_UnDisplay_In_DOM: Verify Confirm Email Textbox is Display
 [2022-07-31 00:55:22,698]  -------------------------- PASSED -------------------------- 
 [2022-07-31 00:55:22,698] TC_02_Element_UnDisplay_In_DOM: send Empty Email to Email Textbox
 [2022-07-31 00:55:24,755] TC_02_Element_UnDisplay_In_DOM: Verify Confirm Email Textbox is UnDisplay
 [2022-07-31 00:55:24,801]  -------------------------- PASSED -------------------------- 
 [2022-07-31 00:55:24,802] TC_03_Element_UnDisplay_Not_In_DOM: Close register popup
 [2022-07-31 00:55:25,041] TC_03_Element_UnDisplay_Not_In_DOM: Verify Confirm Email Textbox is UnDisplay
 [2022-07-31 00:55:39,114]  -------------------------- PASSED -------------------------- 
 [2022-07-31 11:08:52,003] Register: Click To Register link
 [2022-07-31 11:08:52,535] Register: Send key to first name textbox: Thao
 [2022-07-31 11:08:52,650] Register: Send key to last name textbox: Pham
 [2022-07-31 11:08:52,740] Register: Send key to email textbox: email3406@hmail.vn
 [2022-07-31 11:08:52,850] Register: Send key to password textbox: 123123
 [2022-07-31 11:08:52,946] Register: Send key to confirm password textbox: 123123
 [2022-07-31 11:08:53,038] Register: click to register button
 [2022-07-31 11:08:53,875] Register: Assert - get Register success message 
 [2022-07-31 11:08:54,072] Login: log out after register success
 [2022-07-31 11:08:54,735] Login: click to login link
 [2022-07-31 11:08:55,169] Login: send key to email textbox: email3406@hmail.vn
 [2022-07-31 11:08:55,253] Login: send key to password textbox: 123123
 [2022-07-31 11:08:55,346] Login: click to 'Login' button
 [2022-07-31 11:08:56,012] Login: Assert - My Account Link is display
 [2022-07-31 11:09:47,433] Register: Click To Register link
 [2022-07-31 11:09:47,935] Register: Send key to first name textbox: Thao
 [2022-07-31 11:09:48,050] Register: Send key to last name textbox: Pham
 [2022-07-31 11:09:48,145] Register: Send key to email textbox: email9324@hmail.vn
 [2022-07-31 11:09:48,246] Register: Send key to password textbox: 123123
 [2022-07-31 11:09:48,345] Register: Send key to confirm password textbox: 123123
 [2022-07-31 11:09:48,433] Register: click to register button
 [2022-07-31 11:09:49,184] Register: Assert - get Register success message 
 [2022-07-31 11:09:49,386] Login: log out after register success
 [2022-07-31 11:09:50,074] Login: click to login link
 [2022-07-31 11:09:50,517] Login: send key to email textbox: email9324@hmail.vn
 [2022-07-31 11:09:50,614] Login: send key to password textbox: 123123
 [2022-07-31 11:09:50,693] Login: click to 'Login' button
 [2022-07-31 11:09:51,346] Login: Assert - My Account Link is display
 [2022-07-31 11:26:10,804] Register: Click To Register link
 [2022-07-31 11:26:11,308] Register: Send key to first name textbox: Thao
 [2022-07-31 11:26:11,412] Register: Send key to last name textbox: Pham
 [2022-07-31 11:26:11,503] Register: Send key to email textbox: email2506@hmail.vn
 [2022-07-31 11:26:11,604] Register: Send key to password textbox: 123123
 [2022-07-31 11:26:11,697] Register: Send key to confirm password textbox: 123123
 [2022-07-31 11:26:11,786] Register: click to register button
 [2022-07-31 11:26:12,586] Register: Assert - get Register success message 
 [2022-07-31 11:26:12,770] Login: log out after register success
 [2022-07-31 11:26:13,504] Login: click to login link
 [2022-07-31 11:26:13,940] Login: send key to email textbox: email2506@hmail.vn
 [2022-07-31 11:26:14,023] Login: send key to password textbox: 123123
 [2022-07-31 11:26:14,102] Login: click to 'Login' button
 [2022-07-31 11:26:14,755] Login: Assert - My Account Link is display
 [2022-07-31 11:27:56,599] Register: Click To Register link
 [2022-07-31 11:27:57,092] Register: Send key to first name textbox: Thao
 [2022-07-31 11:27:57,197] Register: Send key to last name textbox: Pham
 [2022-07-31 11:27:57,290] Register: Send key to email textbox: email3250@hmail.vn
 [2022-07-31 11:27:57,388] Register: Send key to password textbox: 123123
 [2022-07-31 11:27:57,476] Register: Send key to confirm password textbox: 123123
 [2022-07-31 11:27:57,564] Register: click to register button
 [2022-07-31 11:27:58,319] Register: Assert - get Register success message 
 [2022-07-31 11:27:58,519] Login: log out after register success
 [2022-07-31 11:27:59,182] Login: click to login link
 [2022-07-31 11:27:59,600] Login: send key to email textbox: email3250@hmail.vn
 [2022-07-31 11:27:59,693] Login: send key to password textbox: 123123
 [2022-07-31 11:27:59,776] Login: click to 'Login' button
 [2022-07-31 11:28:00,436] Login: Assert - My Account Link is display
 [2022-07-31 11:30:07,229] Register: Click To Register link
 [2022-07-31 11:30:07,721] Register: Send key to first name textbox: Thao
 [2022-07-31 11:30:07,827] Register: Send key to last name textbox: Pham
 [2022-07-31 11:30:07,921] Register: Send key to email textbox: email7559@hmail.vn
 [2022-07-31 11:30:08,022] Register: Send key to password textbox: 123123
 [2022-07-31 11:30:08,112] Register: Send key to confirm password textbox: 123123
 [2022-07-31 11:30:08,200] Register: click to register button
 [2022-07-31 11:30:08,969] Register: Assert - get Register success message 
 [2022-07-31 11:30:09,162] Login: log out after register success
 [2022-07-31 11:30:09,993] Login: click to login link
 [2022-07-31 11:30:10,437] Login: send key to email textbox: email7559@hmail.vn
 [2022-07-31 11:30:10,519] Login: send key to password textbox: 123123
 [2022-07-31 11:30:10,597] Login: click to 'Login' button
 [2022-07-31 11:30:11,230] Login: Assert - My Account Link is display
 [2022-07-31 11:46:28,558] 1 screenshot has been deleted.
 [2022-07-31 11:46:31,529] Register: Click To Register link
 [2022-07-31 11:46:32,029] Register: Send key to first name textbox: Thao
 [2022-07-31 11:46:32,132] Register: Send key to last name textbox: Pham
 [2022-07-31 11:46:32,226] Register: Send key to email textbox: email5910@hmail.vn
 [2022-07-31 11:46:32,321] Register: Send key to password textbox: 123123
 [2022-07-31 11:46:32,408] Register: Send key to confirm password textbox: 123123
 [2022-07-31 11:46:32,495] Register: click to register button
 [2022-07-31 11:46:33,224] Register: Assert - get Register success message 
 [2022-07-31 11:46:33,410] Login: log out after register success
 [2022-07-31 11:46:34,054] Login: click to login link
 [2022-07-31 11:46:34,482] Login: send key to email textbox: email5910@hmail.vn
 [2022-07-31 11:46:34,565] Login: send key to password textbox: 123123
 [2022-07-31 11:46:34,641] Login: click to 'Login' button
 [2022-07-31 11:46:35,272] Login: Assert - My Account Link is display
 [2022-07-31 15:32:34,643] 1 screenshot has been deleted.
 [2022-07-31 15:38:23,188] 1 screenshot has been deleted.
 [2022-07-31 21:32:45,651] 1 screenshot has been deleted.
 [2022-07-31 21:33:58,363] 1 screenshot has been deleted.
 [2022-07-31 22:08:47,520] 0 screenshot has been deleted.
 [2022-07-31 22:12:02,512] 1 screenshot has been deleted.
 [2022-07-31 22:12:47,075] 1 screenshot has been deleted.
 [2022-07-31 22:46:25,214] 0 screenshot has been deleted.
 [2022-07-31 22:47:00,248] 1 screenshot has been deleted.
 [2022-08-01 00:30:07,240] 0 screenshot has been deleted.
 [2022-08-01 00:30:11,395] OS name = windows 10
 [2022-08-01 00:30:11,395] Driver instance name = chromedriver: chrome on windows (c2e08cdfd56c6d998746754ef19c842b)
 [2022-08-01 00:31:29,143] 1 screenshot has been deleted.
 [2022-08-01 00:31:29,163] OS name = windows 10
 [2022-08-01 00:31:29,163] Cannot invoke "Object.toString()" because "this.driver" is null
 [2022-08-01 00:33:23,369] 0 screenshot has been deleted.
 [2022-08-01 00:33:26,988] OS name = windows 10
 [2022-08-01 00:33:26,988] Driver instance name = chromedriver: chrome on windows (fb96b9117a65e9a2a46ae78b2f906408)
 [2022-08-01 00:35:23,963] 1 screenshot has been deleted.
 [2022-08-01 00:35:55,420] 1 screenshot has been deleted.
 [2022-08-01 00:36:30,114] 1 screenshot has been deleted.
 [2022-08-01 00:37:20,577] 0 screenshot has been deleted.
 [2022-08-01 00:38:34,079] 1 screenshot has been deleted.
 [2022-08-01 00:38:39,112] OS name = windows 10
 [2022-08-01 00:38:39,113] Driver instance name = firefoxdriver: firefox on windows (36f83af6-86f5-4db8-8eda-ebec96a97661)
 [2022-08-06 16:34:37,514] 0 screenshot has been deleted.
 [2022-08-06 16:34:41,386] Pre-Condition: Open Browser and Login Admin Page
 [2022-08-06 16:34:41,389] Pre-Condition: Input Username: phamthao12396
 [2022-08-06 16:34:41,576] Pre-Condition: Input Password: automation
 [2022-08-06 16:34:41,683] Pre-Condition: Click Login button
 [2022-08-06 16:34:43,871] TC01_Create
 [2022-08-06 16:34:43,872] create 00: save the 'Posts' Menu link
 [2022-08-06 16:34:43,886] Create 01: click To 'Posts' menu
 [2022-08-06 16:34:45,178] TC02_Search_And_Read
 [2022-08-06 16:34:45,178] Search_And_Read 01: Open Posts Search link
 [2022-08-06 16:34:45,178] Search_And_Read 02: Input Text to search textbox: 
 [2022-08-06 16:34:45,178] Search_And_Read 03: Click to 'Search Posts' button 
 [2022-08-06 16:34:45,178] Search_And_Read 04: Verify Search Table contains title: 'Automation Title Sat Aug 06 16:34:37 ICT 2022'
 [2022-08-06 16:34:45,179] Search_And_Read 05: Verify Search Table contains Author: ''
 [2022-08-06 16:34:45,179] Search_And_Read 06: Open End User site
 [2022-08-06 16:34:45,179] Search_And_Read 07: Verify Post information display at Home Page
 [2022-08-06 16:34:45,179] Search_And_Read 08: Click to Post title 
 [2022-08-06 16:34:45,179] Search_And_Read 09: Verify Post information display at Post Detail page
 [2022-08-06 16:34:45,183] OS name = windows 10
 [2022-08-06 16:34:45,183] Driver instance name = edgedriver: msedge on windows (130186b9d14125f50528881a75f17845)
 [2022-08-07 02:17:54,523] 0 screenshot has been deleted.
 [2022-08-07 02:17:58,584] Pre-Condition: Open Browser and Login Admin Page
 [2022-08-07 02:17:58,585] Pre-Condition: Input Username: phamthao12396
 [2022-08-07 02:17:58,784] Pre-Condition: Input Password: automation
 [2022-08-07 02:17:58,881] Pre-Condition: Click Login button
 [2022-08-07 02:18:04,912] TC01_Create
 [2022-08-07 02:18:04,912] create 00: save the 'Posts' Menu link
 [2022-08-07 02:18:04,918] Create 01: click To 'Posts' menu
 [2022-08-07 02:18:06,200] Create 02: click 'Add New' button 
 [2022-08-07 02:18:08,131] Create 03: close Dialog if appear
 [2022-08-07 02:18:08,404] Create 03: Add Title: Automation Title 20582
 [2022-08-07 02:18:08,870] Create 04: Add body block: automation body 96937
 [2022-08-07 02:18:09,786] Create 05: click button 'Publish'
 [2022-08-07 02:18:10,096] Create 06: Verify message Post Published
 [2022-08-07 02:18:11,678] TC02_Search_And_Read
 [2022-08-07 02:18:11,678] Search_And_Read 01: Open Posts Search link
 [2022-08-07 02:18:13,735] Search_And_Read 02: Input Text to search textbox: 
 [2022-08-07 02:18:43,935] OS name = windows 10
 [2022-08-07 02:18:43,935] Driver instance name = edgedriver: msedge on windows (52e78768a80134d86f1524f3c03146e6)
 [2022-08-07 02:20:00,641] 0 screenshot has been deleted.
 [2022-08-07 02:20:04,510] Pre-Condition: Open Browser and Login Admin Page
 [2022-08-07 02:20:04,513] Pre-Condition: Input Username: phamthao12396
 [2022-08-07 02:20:04,698] Pre-Condition: Input Password: automation
 [2022-08-07 02:20:04,799] Pre-Condition: Click Login button
 [2022-08-07 02:20:06,904] TC01_Create
 [2022-08-07 02:20:06,904] create 00: save the 'Posts' Menu link
 [2022-08-07 02:20:06,904] Create 01: click To 'Posts' menu
 [2022-08-07 02:20:08,002] Create 02: click 'Add New' button 
 [2022-08-07 02:20:09,923] Create 03: close Dialog if appear
 [2022-08-07 02:20:10,150] Create 03: Add Title: Automation Title 7528
 [2022-08-07 02:20:10,652] Create 04: Add body block: automation body 72716
 [2022-08-07 02:20:11,496] Create 05: click button 'Publish'
 [2022-08-07 02:20:11,951] Create 06: Verify message Post Published
 [2022-08-07 02:20:13,498] TC02_Search_And_Read
 [2022-08-07 02:20:13,498] Search_And_Read 01: Open Posts Search link
 [2022-08-07 02:20:14,506] Search_And_Read 02: Input Text to search textbox: 
 [2022-08-07 02:20:14,635] Search_And_Read 03: Click to 'Search Posts' button 
 [2022-08-07 02:20:16,394] Search_And_Read 04: Verify Search Table contains title: 'Automation Title 7528'
 [2022-08-07 02:20:16,448] Search_And_Read 05: Verify Search Table contains Author: ''
 [2022-08-07 02:20:16,669] OS name = windows 10
 [2022-08-07 02:20:16,670] Driver instance name = edgedriver: msedge on windows (f3c18796e075116d25335d78eaa661f2)
 [2022-08-07 02:24:36,417] 0 screenshot has been deleted.
 [2022-08-07 02:24:40,243] Pre-Condition: Open Browser and Login Admin Page
 [2022-08-07 02:24:40,246] Pre-Condition: Input Username: phamthao12396
 [2022-08-07 02:24:40,426] Pre-Condition: Input Password: automation
 [2022-08-07 02:24:40,538] Pre-Condition: Click Login button
 [2022-08-07 02:24:42,933] TC01_Create
 [2022-08-07 02:24:42,934] create 00: save the 'Posts' Menu link
 [2022-08-07 02:24:42,934] Create 01: click To 'Posts' menu
 [2022-08-07 02:24:44,100] Create 02: click 'Add New' button 
 [2022-08-07 02:24:46,230] Create 03: close Dialog if appear
 [2022-08-07 02:24:46,707] Create 03: Add Title: Automation Title 74913
 [2022-08-07 02:24:47,236] Create 04: Add body block: automation body 65108
 [2022-08-07 02:24:48,148] Create 05: click button 'Publish'
 [2022-08-07 02:24:48,599] Create 06: Verify message Post Published
 [2022-08-07 02:24:49,976] TC02_Search_And_Read
 [2022-08-07 02:24:49,977] Search_And_Read 01: Open Posts Search link
 [2022-08-07 02:24:52,190] Search_And_Read 02: Input Text to search textbox: 
 [2022-08-07 02:24:52,340] Search_And_Read 03: Click to 'Search Posts' button 
 [2022-08-07 02:24:54,279] Search_And_Read 04: Verify Search Table contains title: 'Automation Title 74913'
 [2022-08-07 02:24:54,335] Search_And_Read 05: Verify Search Table contains Author: 'Automation Study'
 [2022-08-07 02:24:54,396] Search_And_Read 06: Open End User site
 [2022-08-07 02:24:54,546] OS name = windows 10
 [2022-08-07 02:24:54,546] Driver instance name = edgedriver: msedge on windows (c95760941763a10daa41d87d8f18524f)
 [2022-08-07 02:25:56,199] 0 screenshot has been deleted.
 [2022-08-07 02:26:00,186] Pre-Condition: Open Browser and Login Admin Page
 [2022-08-07 02:26:00,189] Pre-Condition: Input Username: phamthao12396
 [2022-08-07 02:26:00,376] Pre-Condition: Input Password: automation
 [2022-08-07 02:26:00,487] Pre-Condition: Click Login button
 [2022-08-07 02:26:02,778] TC01_Create
 [2022-08-07 02:26:02,779] create 00: save the 'Posts' Menu link
 [2022-08-07 02:26:02,779] Create 01: click To 'Posts' menu
 [2022-08-07 02:26:03,927] Create 02: click 'Add New' button 
 [2022-08-07 02:26:06,342] Create 03: close Dialog if appear
 [2022-08-07 02:26:06,684] Create 03: Add Title: Automation Title 59975
 [2022-08-07 02:26:07,280] Create 04: Add body block: automation body 65690
 [2022-08-07 02:26:08,359] Create 05: click button 'Publish'
 [2022-08-07 02:26:09,213] Create 06: Verify message Post Published
 [2022-08-07 02:26:10,757] TC02_Search_And_Read
 [2022-08-07 02:26:10,757] Search_And_Read 01: Open Posts Search link
 [2022-08-07 02:26:12,894] Search_And_Read 02: Input Text to search textbox: 
 [2022-08-07 02:26:13,014] Search_And_Read 03: Click to 'Search Posts' button 
 [2022-08-07 02:26:14,819] Search_And_Read 04: Verify Search Table contains title: 'Automation Title 59975'
 [2022-08-07 02:26:14,878] Search_And_Read 05: Verify Search Table contains Author: 'Automation Study'
 [2022-08-07 02:26:14,940] Search_And_Read 06: Open End User site
 [2022-08-07 02:26:16,035] Search_And_Read 07: Input Text to search textbox: 
 [2022-08-07 02:26:16,187] OS name = windows 10
 [2022-08-07 02:26:16,187] Driver instance name = edgedriver: msedge on windows (1421962fc9f0f92a14117362b5929c69)
 [2022-08-07 02:27:24,856] 0 screenshot has been deleted.
 [2022-08-07 02:27:28,602] Pre-Condition: Open Browser and Login Admin Page
 [2022-08-07 02:27:28,605] Pre-Condition: Input Username: phamthao12396
 [2022-08-07 02:27:28,791] Pre-Condition: Input Password: automation
 [2022-08-07 02:27:28,895] Pre-Condition: Click Login button
 [2022-08-07 02:27:30,960] TC01_Create
 [2022-08-07 02:27:30,960] create 00: save the 'Posts' Menu link
 [2022-08-07 02:27:30,960] Create 01: click To 'Posts' menu
 [2022-08-07 02:27:32,093] Create 02: click 'Add New' button 
 [2022-08-07 02:27:34,094] Create 03: close Dialog if appear
 [2022-08-07 02:27:34,434] Create 03: Add Title: Automation Title 76853
 [2022-08-07 02:27:34,961] Create 04: Add body block: automation body 40867
 [2022-08-07 02:27:35,920] Create 05: click button 'Publish'
 [2022-08-07 02:27:36,414] Create 06: Verify message Post Published
 [2022-08-07 02:27:37,718] TC02_Search_And_Read
 [2022-08-07 02:27:37,718] Search_And_Read 01: Open Posts Search link
 [2022-08-07 02:27:38,816] Search_And_Read 02: Input Text to search textbox: 
 [2022-08-07 02:27:38,954] Search_And_Read 03: Click to 'Search Posts' button 
 [2022-08-07 02:27:40,683] Search_And_Read 04: Verify Search Table contains title: 'Automation Title 76853'
 [2022-08-07 02:27:40,738] Search_And_Read 05: Verify Search Table contains Author: 'Automation Study'
 [2022-08-07 02:27:40,797] Search_And_Read 06: Open End User site
 [2022-08-07 02:27:41,939] Search_And_Read 07: Input Text to search textbox: 
 [2022-08-07 02:27:42,124] OS name = windows 10
 [2022-08-07 02:27:42,124] Driver instance name = edgedriver: msedge on windows (d66590261eb87aa36b4bfc817dd572da)
 [2022-08-07 02:28:03,824] 0 screenshot has been deleted.
 [2022-08-07 02:28:06,957] Pre-Condition: Open Browser and Login Admin Page
 [2022-08-07 02:28:06,960] Pre-Condition: Input Username: phamthao12396
 [2022-08-07 02:28:07,146] Pre-Condition: Input Password: automation
 [2022-08-07 02:28:07,267] Pre-Condition: Click Login button
 [2022-08-07 02:28:09,521] TC01_Create
 [2022-08-07 02:28:09,522] create 00: save the 'Posts' Menu link
 [2022-08-07 02:28:09,527] Create 01: click To 'Posts' menu
 [2022-08-07 02:28:10,651] Create 02: click 'Add New' button 
 [2022-08-07 02:28:12,871] Create 03: close Dialog if appear
 [2022-08-07 02:28:13,197] Create 03: Add Title: Automation Title 23545
 [2022-08-07 02:28:13,809] Create 04: Add body block: automation body 2818
 [2022-08-07 02:28:15,135] Create 05: click button 'Publish'
 [2022-08-07 02:28:15,831] Create 06: Verify message Post Published
 [2022-08-07 02:28:17,016] TC02_Search_And_Read
 [2022-08-07 02:28:17,016] Search_And_Read 01: Open Posts Search link
 [2022-08-07 02:28:18,081] Search_And_Read 02: Input Text to search textbox: 
 [2022-08-07 02:28:18,212] Search_And_Read 03: Click to 'Search Posts' button 
 [2022-08-07 02:28:19,942] Search_And_Read 04: Verify Search Table contains title: 'Automation Title 23545'
 [2022-08-07 02:28:19,996] Search_And_Read 05: Verify Search Table contains Author: 'Automation Study'
 [2022-08-07 02:28:20,054] Search_And_Read 06: Open End User site
 [2022-08-07 02:28:21,148] Search_And_Read 07: Input Text to search textbox: 
 [2022-08-07 02:28:21,268] Search_And_Read 08: Click to 'Search Posts' button 
 [2022-08-07 02:28:22,149] Search_And_Read 09: Verify Post information display at Home Page
 [2022-08-07 02:28:52,438] OS name = windows 10
 [2022-08-07 02:28:52,438] Driver instance name = edgedriver: msedge on windows (8b8597f5e81187bcb7e49e8c7d6b594e)
 [2022-08-07 02:30:37,951] 0 screenshot has been deleted.
 [2022-08-07 02:30:41,624] Pre-Condition: Open Browser and Login Admin Page
 [2022-08-07 02:30:41,626] Pre-Condition: Input Username: phamthao12396
 [2022-08-07 02:30:41,814] Pre-Condition: Input Password: automation
 [2022-08-07 02:30:41,913] Pre-Condition: Click Login button
 [2022-08-07 02:30:43,990] TC01_Create
 [2022-08-07 02:30:43,991] create 00: save the 'Posts' Menu link
 [2022-08-07 02:30:43,991] Create 01: click To 'Posts' menu
 [2022-08-07 02:30:45,097] Create 02: click 'Add New' button 
 [2022-08-07 02:30:47,167] Create 03: close Dialog if appear
 [2022-08-07 02:30:47,386] Create 03: Add Title: Automation Title 73831
 [2022-08-07 02:30:48,083] Create 04: Add body block: automation body 2074
 [2022-08-07 02:30:49,233] Create 05: click button 'Publish'
 [2022-08-07 02:30:49,781] Create 06: Verify message Post Published
 [2022-08-07 02:30:51,063] TC02_Search_And_Read
 [2022-08-07 02:30:51,063] Search_And_Read 01: Open Posts Search link
 [2022-08-07 02:30:53,192] Search_And_Read 02: Input Text to search textbox: 
 [2022-08-07 02:30:53,319] Search_And_Read 03: Click to 'Search Posts' button 
 [2022-08-07 02:30:55,185] Search_And_Read 04: Verify Search Table contains title: 'Automation Title 73831'
 [2022-08-07 02:30:55,238] Search_And_Read 05: Verify Search Table contains Author: 'Automation Study'
 [2022-08-07 02:30:55,294] Search_And_Read 06: Open End User site
 [2022-08-07 02:30:56,403] Search_And_Read 07: Input Text to search textbox: 
 [2022-08-07 02:30:56,521] Search_And_Read 08: Click to 'Search Posts' button 
 [2022-08-07 02:30:57,370] Search_And_Read 09: Verify Post information display at Home Page
 [2022-08-07 02:31:27,618] OS name = windows 10
 [2022-08-07 02:31:27,618] Driver instance name = edgedriver: msedge on windows (565c38c6ee3e7c885daa8246bc2c839d)
 [2022-08-07 02:45:21,796] 0 screenshot has been deleted.
 [2022-08-07 02:45:25,715] Pre-Condition: Open Browser and Login Admin Page
 [2022-08-07 02:45:25,719] Pre-Condition: Input Username: phamthao12396
 [2022-08-07 02:45:25,932] Pre-Condition: Input Password: automation
 [2022-08-07 02:45:26,039] Pre-Condition: Click Login button
 [2022-08-07 02:45:28,178] TC01_Create
 [2022-08-07 02:45:28,178] create 00: save the 'Posts' Menu link
 [2022-08-07 02:45:28,178] Create 01: click To 'Posts' menu
 [2022-08-07 02:45:29,394] Create 02: click 'Add New' button 
 [2022-08-07 02:45:31,345] Create 03: close Dialog if appear
 [2022-08-07 02:45:31,611] Create 03: Add Title: Automation Title 494
 [2022-08-07 02:45:32,086] Create 04: Add body block: automation body 92046
 [2022-08-07 02:45:33,026] Create 05: click button 'Publish'
 [2022-08-07 02:45:33,509] Create 06: Verify message Post Published
 [2022-08-07 02:45:34,963] TC02_Search_And_Read
 [2022-08-07 02:45:34,963] Search_And_Read 01: Open Posts Search link
 [2022-08-07 02:45:36,971] Search_And_Read 02: Input Text to search textbox: 
 [2022-08-07 02:45:37,092] Search_And_Read 03: Click to 'Search Posts' button 
 [2022-08-07 02:45:38,825] Search_And_Read 04: Verify Search Table contains title: 'Automation Title 494'
 [2022-08-07 02:45:38,879] Search_And_Read 05: Verify Search Table contains Author: 'Automation Study'
 [2022-08-07 02:45:38,935] Search_And_Read 06: Open End User site
 [2022-08-07 02:45:40,078] Search_And_Read 07: Input Text to search textbox: 
 [2022-08-07 02:45:40,196] Search_And_Read 08: Click to 'Search Posts' button 
 [2022-08-07 02:45:41,079] Search_And_Read 09: Verify Post information display at Home Page
 [2022-08-07 02:46:11,352] OS name = windows 10
 [2022-08-07 02:46:11,352] Driver instance name = edgedriver: msedge on windows (01e29b49ff0d985fcabcdef14f803cd1)
 [2022-08-07 02:51:50,315] 0 screenshot has been deleted.
 [2022-08-07 02:51:53,938] Pre-Condition: Open Browser and Login Admin Page
 [2022-08-07 02:51:53,942] Pre-Condition: Input Username: phamthao12396
 [2022-08-07 02:51:54,240] Pre-Condition: Input Password: automation
 [2022-08-07 02:51:54,376] Pre-Condition: Click Login button
 [2022-08-07 02:51:56,504] TC01_Create
 [2022-08-07 02:51:56,505] create 00: save the 'Posts' Menu link
 [2022-08-07 02:51:56,505] Create 01: click To 'Posts' menu
 [2022-08-07 02:51:57,644] Create 02: click 'Add New' button 
 [2022-08-07 02:51:59,616] Create 03: close Dialog if appear
 [2022-08-07 02:51:59,894] Create 03: Add Title: Automation Title 94949
 [2022-08-07 02:52:00,437] Create 04: Add body block: automation body 54617
 [2022-08-07 02:52:01,269] Create 05: click button 'Publish'
 [2022-08-07 02:52:01,772] Create 06: Verify message Post Published
 [2022-08-07 02:52:03,111] TC02_Search_And_Read
 [2022-08-07 02:52:03,112] Search_And_Read 01: Open Posts Search link
 [2022-08-07 02:52:04,184] Search_And_Read 02: Input Text to search textbox: 
 [2022-08-07 02:52:04,315] Search_And_Read 03: Click to 'Search Posts' button 
 [2022-08-07 02:52:06,036] Search_And_Read 04: Verify Search Table contains title: 'Automation Title 94949'
 [2022-08-07 02:52:06,092] Search_And_Read 05: Verify Search Table contains Author: 'Automation Study'
 [2022-08-07 02:52:06,150] Search_And_Read 06: Open End User site
 [2022-08-07 02:52:07,153] Search_And_Read 07: Input Text to search textbox: 
 [2022-08-07 02:52:07,270] Search_And_Read 08: Click to 'Search Posts' button 
 [2022-08-07 02:52:08,145] Search_And_Read 09: Verify Post information display at Home Page
 [2022-08-07 02:52:08,250] Search_And_Read 10: Click to Post title 
 [2022-08-07 02:52:09,104] Search_And_Read 11: Verify Post information display at Post Detail page
 [2022-08-07 02:52:39,342] OS name = windows 10
 [2022-08-07 02:52:39,342] Driver instance name = edgedriver: msedge on windows (561c7169d5d2c4f1960ac02966dfc4fc)
 [2022-08-07 02:54:34,579] 0 screenshot has been deleted.
 [2022-08-07 02:54:38,517] Pre-Condition: Open Browser and Login Admin Page
 [2022-08-07 02:54:38,519] Pre-Condition: Input Username: phamthao12396
 [2022-08-07 02:54:38,653] Pre-Condition: Input Password: automation
 [2022-08-07 02:54:38,760] Pre-Condition: Click Login button
 [2022-08-07 02:54:40,894] TC01_Create
 [2022-08-07 02:54:40,894] create 00: save the 'Posts' Menu link
 [2022-08-07 02:54:40,894] Create 01: click To 'Posts' menu
 [2022-08-07 02:54:42,446] Create 02: click 'Add New' button 
 [2022-08-07 02:54:44,654] Create 03: close Dialog if appear
 [2022-08-07 02:54:44,886] Create 03: Add Title: Automation Title 76961
 [2022-08-07 02:54:45,332] Create 04: Add body block: automation body 95018
 [2022-08-07 02:54:46,191] Create 05: click button 'Publish'
 [2022-08-07 02:54:46,670] Create 06: Verify message Post Published
 [2022-08-07 02:54:48,077] TC02_Search_And_Read
 [2022-08-07 02:54:48,077] Search_And_Read 01: Open Posts Search link
 [2022-08-07 02:54:50,132] Search_And_Read 02: Input Text to search textbox: 
 [2022-08-07 02:54:50,255] Search_And_Read 03: Click to 'Search Posts' button 
 [2022-08-07 02:54:52,027] Search_And_Read 04: Verify Search Table contains title: 'Automation Title 76961'
 [2022-08-07 02:54:52,083] Search_And_Read 05: Verify Search Table contains Author: 'Automation Study'
 [2022-08-07 02:54:52,144] Search_And_Read 06: Open End User site
 [2022-08-07 02:54:53,221] Search_And_Read 07: Input Text to search textbox: 
 [2022-08-07 02:54:53,335] Search_And_Read 08: Click to 'Search Posts' button 
 [2022-08-07 02:54:54,203] Search_And_Read 09: Verify Post information display at Home Page
 [2022-08-07 02:54:54,308] Search_And_Read 10: Click to Post title 
 [2022-08-07 02:54:55,134] Search_And_Read 11: Verify Post information display at Post Detail page
 [2022-08-07 02:55:25,372] OS name = windows 10
 [2022-08-07 02:55:25,372] Driver instance name = edgedriver: msedge on windows (3d4163c5c5af325598f2a1434cd08b27)
 [2022-08-07 02:57:14,264] 0 screenshot has been deleted.
 [2022-08-07 02:57:17,434] Pre-Condition: Open Browser and Login Admin Page
 [2022-08-07 02:57:17,437] Pre-Condition: Input Username: phamthao12396
 [2022-08-07 02:57:17,627] Pre-Condition: Input Password: automation
 [2022-08-07 02:57:17,726] Pre-Condition: Click Login button
 [2022-08-07 02:57:19,956] TC01_Create
 [2022-08-07 02:57:19,956] create 00: save the 'Posts' Menu link
 [2022-08-07 02:57:19,957] Create 01: click To 'Posts' menu
 [2022-08-07 02:57:21,146] Create 02: click 'Add New' button 
 [2022-08-07 02:57:23,220] Create 03: close Dialog if appear
 [2022-08-07 02:57:23,568] Create 03: Add Title: Automation Title 26616
 [2022-08-07 02:57:24,092] Create 04: Add body block: automation body 29985
 [2022-08-07 02:57:24,978] Create 05: click button 'Publish'
 [2022-08-07 02:57:25,461] Create 06: Verify message Post Published
 [2022-08-07 02:57:26,818] TC02_Search_And_Read
 [2022-08-07 02:57:26,818] Search_And_Read 01: Open Posts Search link
 [2022-08-07 02:57:28,503] Search_And_Read 02: Input Text to search textbox: 
 [2022-08-07 02:57:28,632] Search_And_Read 03: Click to 'Search Posts' button 
 [2022-08-07 02:57:30,376] Search_And_Read 04: Verify Search Table contains title: 'Automation Title 26616'
 [2022-08-07 02:57:30,436] Search_And_Read 05: Verify Search Table contains Author: 'Automation Study'
 [2022-08-07 02:57:30,494] Search_And_Read 06: Open End User site
 [2022-08-07 02:57:31,534] Search_And_Read 07: Input Text to search textbox: 
 [2022-08-07 02:57:31,657] Search_And_Read 08: Click to 'Search Posts' button 
 [2022-08-07 02:57:32,559] Search_And_Read 09: Verify Post information display at Home Page
 [2022-08-07 02:57:32,666] Search_And_Read 10: Click to Post title 
 [2022-08-07 02:57:33,534] Search_And_Read 11: Verify Post information display at Post Detail page
 [2022-08-07 02:58:03,815] OS name = windows 10
 [2022-08-07 02:58:03,815] Driver instance name = edgedriver: msedge on windows (1993a5b382afec1b94d417080b2d9895)
 [2022-08-07 02:58:08,029] 0 screenshot has been deleted.
 [2022-08-07 02:58:11,302] Pre-Condition: Open Browser and Login Admin Page
 [2022-08-07 02:58:11,307] Pre-Condition: Input Username: phamthao12396
 [2022-08-07 02:58:11,509] Pre-Condition: Input Password: automation
 [2022-08-07 02:58:11,615] Pre-Condition: Click Login button
 [2022-08-07 02:58:13,779] TC01_Create
 [2022-08-07 02:58:13,780] create 00: save the 'Posts' Menu link
 [2022-08-07 02:58:13,780] Create 01: click To 'Posts' menu
 [2022-08-07 02:58:14,923] Create 02: click 'Add New' button 
 [2022-08-07 02:58:16,885] Create 03: close Dialog if appear
 [2022-08-07 02:58:17,170] Create 03: Add Title: Automation Title 5531
 [2022-08-07 02:58:17,599] Create 04: Add body block: automation body 35812
 [2022-08-07 02:58:18,513] Create 05: click button 'Publish'
 [2022-08-07 02:58:18,964] Create 06: Verify message Post Published
 [2022-08-07 02:58:20,464] TC02_Search_And_Read
 [2022-08-07 02:58:20,464] Search_And_Read 01: Open Posts Search link
 [2022-08-07 02:58:21,644] Search_And_Read 02: Input Text to search textbox: 
 [2022-08-07 02:58:21,820] Search_And_Read 03: Click to 'Search Posts' button 
 [2022-08-07 02:58:23,818] Search_And_Read 04: Verify Search Table contains title: 'Automation Title 5531'
 [2022-08-07 02:58:23,879] Search_And_Read 05: Verify Search Table contains Author: 'Automation Study'
 [2022-08-07 02:58:23,941] Search_And_Read 06: Open End User site
 [2022-08-07 02:58:25,081] Search_And_Read 07: Input Text to search textbox: 
 [2022-08-07 02:58:25,197] Search_And_Read 08: Click to 'Search Posts' button 
 [2022-08-07 02:58:26,103] Search_And_Read 09: Verify Post information display at Home Page
 [2022-08-07 02:58:26,215] Search_And_Read 10: Click to Post title 
 [2022-08-07 02:58:27,099] Search_And_Read 11: Verify Post information display at Post Detail page
 [2022-08-07 02:58:57,412] OS name = windows 10
 [2022-08-07 02:58:57,412] Driver instance name = edgedriver: msedge on windows (bb505410d603d236e9dcb60925f72ae1)
 [2022-08-07 02:59:44,703] 0 screenshot has been deleted.
 [2022-08-07 02:59:47,825] Pre-Condition: Open Browser and Login Admin Page
 [2022-08-07 02:59:47,828] Pre-Condition: Input Username: phamthao12396
 [2022-08-07 02:59:48,013] Pre-Condition: Input Password: automation
 [2022-08-07 02:59:48,114] Pre-Condition: Click Login button
 [2022-08-07 02:59:50,206] TC01_Create
 [2022-08-07 02:59:50,212] create 00: save the 'Posts' Menu link
 [2022-08-07 02:59:50,212] Create 01: click To 'Posts' menu
 [2022-08-07 02:59:51,275] Create 02: click 'Add New' button 
 [2022-08-07 02:59:53,176] Create 03: close Dialog if appear
 [2022-08-07 02:59:53,472] Create 03: Add Title: Automation Title 41895
 [2022-08-07 02:59:53,926] Create 04: Add body block: automation body 89632
 [2022-08-07 02:59:54,852] Create 05: click button 'Publish'
 [2022-08-07 02:59:55,386] Create 06: Verify message Post Published
 [2022-08-07 02:59:56,870] TC02_Search_And_Read
 [2022-08-07 02:59:56,870] Search_And_Read 01: Open Posts Search link
 [2022-08-07 02:59:58,847] Search_And_Read 02: Input Text to search textbox: 
 [2022-08-07 02:59:58,965] Search_And_Read 03: Click to 'Search Posts' button 
 [2022-08-07 03:00:00,678] Search_And_Read 04: Verify Search Table contains title: 'Automation Title 41895'
 [2022-08-07 03:00:00,732] Search_And_Read 05: Verify Search Table contains Author: 'Automation Study'
 [2022-08-07 03:00:00,788] Search_And_Read 06: Open End User site
 [2022-08-07 03:00:01,896] Search_And_Read 07: Input Text to search textbox: 
 [2022-08-07 03:00:02,013] Search_And_Read 08: Click to 'Search Posts' button 
 [2022-08-07 03:00:02,911] Search_And_Read 09: Verify Post information display at Home Page
 [2022-08-07 03:00:03,018] Search_And_Read 10: Click to Post title 
 [2022-08-07 03:00:03,876] Search_And_Read 11: Verify Post information display at Post Detail page
 [2022-08-07 03:00:03,996] OS name = windows 10
 [2022-08-07 03:00:03,996] Driver instance name = edgedriver: msedge on windows (7032e4acea5733dc2b32308457fa08a6)
